<?xml version="1.0" encoding="UTF-8"?>
<testsuite xmlns:xsi="http://www.w3.org/2001/XMLSchema-instance" xsi:noNamespaceSchemaLocation="https://maven.apache.org/surefire/maven-surefire-plugin/xsd/surefire-test-report.xsd" version="3.0.2" name="ru.mtuci.aggregator.MainTest" time="0.9" tests="1" errors="0" skipped="0" failures="0">
  <properties>
[...]
</properties>
  <testcase name="testMainWithInvalidApis" classname="ru.mtuci.aggregator.MainTest" time="0.84">
    <system-out><![CDATA[Однократный параллельный режим: n=1
Агрегация завершена.
]]></system-out>
    <system-err><![CDATA[API 'invalid_api' не найден.
]]></system-err>
  </testcase>
</testsuite>